scanAttendeeTablet/build/intermediates/manifest_merge_blame_file/release/manifest-merger-blame-release-report.txt
1<?xml version="1.0" encoding="utf-8"?>
2<manifest xmlns:android="http://schemas.android.com/apk/res/android"
3    package="com.globalnest.scanattendee"
4    android:versionCode="119"
5    android:versionName="2.8.9" >
6
7    <uses-sdk
8        android:minSdkVersion="16"
8-->src\main\AndroidManifest.xml
9        android:targetSdkVersion="29" />
9-->src\main\AndroidManifest.xml
10
11    <!-- <uses-sdk tools:overrideLibrary="morxander.editcard,com.citrus.sdk.ui"/> -->
12
13
14    <!--
15        <uses-sdk
16        android:minSdkVersion="15"
17        android:targetSdkVersion="26"
18        tools:overrideLibrary="morxander.editcard,com.citrus.sdk.ui"/>
19    -->
20
21    <uses-feature
21-->src\main\AndroidManifest.xml:15:5-17:36
22        android:glEsVersion="0x00020000"
22-->src\main\AndroidManifest.xml:16:9-41
23        android:required="false" />
23-->src\main\AndroidManifest.xml:17:9-33
24    <!--
25        <uses-feature
26        android:name="android.hardware.telephony"
27        android:required="false" />
28    -->
29    <uses-feature
29-->src\main\AndroidManifest.xml:21:5-23:36
30        android:name="android.hardware.camera"
30-->src\main\AndroidManifest.xml:22:9-47
31        android:required="false" />
31-->src\main\AndroidManifest.xml:23:9-33
32    <uses-feature
32-->src\main\AndroidManifest.xml:24:5-26:36
33        android:name="android.hardware.camera.autofocus"
33-->src\main\AndroidManifest.xml:25:9-57
34        android:required="false" />
34-->src\main\AndroidManifest.xml:26:9-33
35    <uses-feature
35-->src\main\AndroidManifest.xml:27:5-29:36
36        android:name="android.hardware.touchscreen"
36-->src\main\AndroidManifest.xml:28:9-52
37        android:required="false" />
37-->src\main\AndroidManifest.xml:29:9-33
38    <uses-feature
38-->src\main\AndroidManifest.xml:30:5-32:36
39        android:name="android.hardware.wifi"
39-->src\main\AndroidManifest.xml:31:9-45
40        android:required="false" />
40-->src\main\AndroidManifest.xml:32:9-33
41    <uses-feature
41-->src\main\AndroidManifest.xml:33:5-35:36
42        android:name="android.hardware.bluetooth"
42-->src\main\AndroidManifest.xml:34:9-50
43        android:required="false" />
43-->src\main\AndroidManifest.xml:35:9-33
44    <uses-feature
44-->src\main\AndroidManifest.xml:36:5-38:36
45        android:name="android.hardware.location.network"
45-->src\main\AndroidManifest.xml:37:9-57
46        android:required="false" />
46-->src\main\AndroidManifest.xml:38:9-33
47
48    <uses-permission
48-->src\main\AndroidManifest.xml:40:5-43:23
49        xmlns:android="http://schemas.android.com/apk/res/android"
49-->src\main\AndroidManifest.xml:41:9-67
50        android:name="android.permission.INTERNET" >
50-->src\main\AndroidManifest.xml:42:9-51
51    </uses-permission>
52    <uses-permission android:name="android.permission.CAMERA" />
52-->src\main\AndroidManifest.xml:44:5-65
52-->src\main\AndroidManifest.xml:44:22-62
53    <uses-permission android:name="android.permission.ACCESS_NETWORK_STATE" />
53-->src\main\AndroidManifest.xml:45:5-79
53-->src\main\AndroidManifest.xml:45:22-76
54    <uses-permission android:name="android.permission.WRITE_EXTERNAL_STORAGE" />
54-->src\main\AndroidManifest.xml:46:5-81
54-->src\main\AndroidManifest.xml:46:22-78
55    <uses-permission android:name="android.permission.READ_EXTERNAL_STORAGE" />
55-->src\main\AndroidManifest.xml:47:5-80
55-->src\main\AndroidManifest.xml:47:22-77
56    <uses-permission android:name="android.permission.CHANGE_NETWORK_STATE" />
56-->src\main\AndroidManifest.xml:48:5-79
56-->src\main\AndroidManifest.xml:48:22-76
57    <uses-permission android:name="android.permission.ACCESS_WIFI_STATE" />
57-->src\main\AndroidManifest.xml:49:5-76
57-->src\main\AndroidManifest.xml:49:22-73
58    <uses-permission android:name="android.permission.CHANGE_WIFI_STATE" />
58-->src\main\AndroidManifest.xml:50:5-76
58-->src\main\AndroidManifest.xml:50:22-73
59    <!-- <uses-permission android:name="android.permission.READ_PHONE_STATE" /> -->
60    <uses-permission android:name="android.permission.BLUETOOTH_ADMIN" />
60-->src\main\AndroidManifest.xml:52:5-74
60-->src\main\AndroidManifest.xml:52:22-71
61    <uses-permission android:name="android.permission.BLUETOOTH" />
61-->src\main\AndroidManifest.xml:53:5-68
61-->src\main\AndroidManifest.xml:53:22-65
62    <uses-permission android:name="android.permission.LOCAL_MAC_ADDRESS" />
62-->src\main\AndroidManifest.xml:54:5-76
62-->src\main\AndroidManifest.xml:54:22-73
63    <uses-permission android:name="android.permission.ACCESS_FINE_LOCATION" />
63-->src\main\AndroidManifest.xml:55:5-79
63-->src\main\AndroidManifest.xml:55:22-76
64    <uses-permission android:name="android.permission.ACCESS_COARSE_LOCATION" />
64-->src\main\AndroidManifest.xml:56:5-80
64-->src\main\AndroidManifest.xml:56:22-78
65    <uses-permission android:name="android.permission.INTERACT_ACROSS_USERS_FULL" />
65-->src\main\AndroidManifest.xml:57:5-85
65-->src\main\AndroidManifest.xml:57:22-82
66    <uses-permission android:name="android.permission.MOUNT_UNMOUNT_FILESYSTEMS" />
66-->src\main\AndroidManifest.xml:58:5-84
66-->src\main\AndroidManifest.xml:58:22-81
67    <uses-permission android:name="com.sonyericsson.extras.liveware.aef.EXTENSION_PERMISSION" />
67-->src\main\AndroidManifest.xml:59:5-97
67-->src\main\AndroidManifest.xml:59:22-94
68    <uses-permission android:name="com.sonyericsson.permission.CAMERA_EXTENDED" />
68-->src\main\AndroidManifest.xml:60:5-83
68-->src\main\AndroidManifest.xml:60:22-80
69    <uses-permission android:name="com.sonyericsson.permission.CONVERSATIONS_SETTINGS_PROVIDER" />
69-->src\main\AndroidManifest.xml:61:5-99
69-->src\main\AndroidManifest.xml:61:22-96
70    <uses-permission android:name="android.permission.MODIFY_AUDIO_SETTINGS" />
70-->src\main\AndroidManifest.xml:62:5-79
70-->src\main\AndroidManifest.xml:62:22-77
71    <uses-permission android:name="android.permission.RECORD_AUDIO" />
71-->src\main\AndroidManifest.xml:63:5-70
71-->src\main\AndroidManifest.xml:63:22-68
72
73    <permission
73-->src\main\AndroidManifest.xml:65:5-68:18
74        android:name="com.globalnest.scanattendee.socketmobile.ScannerSettingsApplication.NotifyScannerArrival"
74-->src\main\AndroidManifest.xml:66:9-112
75        android:protectionLevel="signature" >
75-->src\main\AndroidManifest.xml:67:9-44
76    </permission>
77    <permission
77-->src\main\AndroidManifest.xml:69:5-72:18
78        android:name="com.globalnest.scanattendee.socketmobile.ScannerSettingsApplication.DecodedData"
78-->src\main\AndroidManifest.xml:70:9-103
79        android:protectionLevel="signature" >
79-->src\main\AndroidManifest.xml:71:9-44
80    </permission>
81    <permission
81-->src\main\AndroidManifest.xml:73:5-76:18
82        android:name="com.globalnest.scanattendee.socketmobile.ScannerSettingsApplication.NotifyErrorMessage"
82-->src\main\AndroidManifest.xml:74:9-110
83        android:protectionLevel="signature" >
83-->src\main\AndroidManifest.xml:75:9-44
84    </permission>
85    <permission
85-->src\main\AndroidManifest.xml:77:5-80:18
86        android:name="com.globalnest.scanattendee.socketmobile.ScannerSettingsApplication.NotifyScannerRemoval"
86-->src\main\AndroidManifest.xml:78:9-112
87        android:protectionLevel="signature" >
87-->src\main\AndroidManifest.xml:79:9-44
88    </permission>
89    <permission
89-->src\main\AndroidManifest.xml:81:5-84:18
90        android:name="com.globalnest.scanattendee.socketmobile.ScannerSettingsApplication.NotifyDataArrival"
90-->src\main\AndroidManifest.xml:82:9-109
91        android:protectionLevel="signature" >
91-->src\main\AndroidManifest.xml:83:9-44
92    </permission>
93    <permission
93-->src\main\AndroidManifest.xml:86:5-89:18
94        android:name="com.globalnest.scanattendee.socketmobile.ScannerSettingsApplication.GetBatteryLevelComplete"
94-->src\main\AndroidManifest.xml:87:9-115
95        android:protectionLevel="signature" >
95-->src\main\AndroidManifest.xml:88:9-44
96    </permission>
97
98    <supports-screens
98-->src\main\AndroidManifest.xml:93:5-100:24
99        android:anyDensity="true"
99-->src\main\AndroidManifest.xml:94:9-34
100        android:largeScreens="true"
100-->src\main\AndroidManifest.xml:95:9-36
101        android:normalScreens="true"
101-->src\main\AndroidManifest.xml:96:9-37
102        android:resizeable="true"
102-->src\main\AndroidManifest.xml:97:9-34
103        android:smallScreens="true"
103-->src\main\AndroidManifest.xml:98:9-36
104        android:xlargeScreens="true" >
104-->src\main\AndroidManifest.xml:99:9-37
105    </supports-screens>
106
107    <uses-permission android:name="android.permission.VIBRATE" />
107-->[io.card:android-sdk:5.5.1] AndroidManifest.xml:10:5-66
107-->[io.card:android-sdk:5.5.1] AndroidManifest.xml:10:22-63
108
109    <application
109-->src\main\AndroidManifest.xml:102:5-649:19
110        android:name="com.globalnest.scanattendee.socketmobile.ScannerSettingsApplication"
110-->src\main\AndroidManifest.xml:103:9-64
111        android:allowBackup="true"
111-->src\main\AndroidManifest.xml:104:9-35
112        android:hardwareAccelerated="false"
112-->src\main\AndroidManifest.xml:108:9-44
113        android:icon="@drawable/app_icon"
113-->src\main\AndroidManifest.xml:105:9-42
114        android:label="@string/app_name"
114-->src\main\AndroidManifest.xml:106:9-41
115        android:largeHeap="true"
115-->src\main\AndroidManifest.xml:107:9-33
116        android:requestLegacyExternalStorage="true"
116-->src\main\AndroidManifest.xml:111:9-52
117        android:theme="@android:style/Theme.Holo.Light.NoActionBar"
117-->src\main\AndroidManifest.xml:109:9-68
118        android:usesCleartextTraffic="true" >
118-->src\main\AndroidManifest.xml:110:9-44
119//        tools:replace="android:icon,android:theme,android:allowBackup"
120        <activity
120-->src\main\AndroidManifest.xml:112:9-122:20
121            android:name="com.globalnest.scanattendee.SplashActivity"
121-->src\main\AndroidManifest.xml:113:13-43
122            android:label="@string/app_name"
122-->src\main\AndroidManifest.xml:114:13-45
123            android:screenOrientation="sensorPortrait"
123-->src\main\AndroidManifest.xml:115:13-55
124            android:windowSoftInputMode="stateHidden" >
124-->src\main\AndroidManifest.xml:116:13-54
125            <intent-filter>
125-->src\main\AndroidManifest.xml:117:13-121:29
126                <action android:name="android.intent.action.MAIN" />
126-->src\main\AndroidManifest.xml:118:17-69
126-->src\main\AndroidManifest.xml:118:25-66
127
128                <category android:name="android.intent.category.LAUNCHER" />
128-->src\main\AndroidManifest.xml:120:17-77
128-->src\main\AndroidManifest.xml:120:27-74
129            </intent-filter>
130        </activity>
131        <!--
132        <activity android:name=".socketmobile.ScannerSettingsApplication" >
133        </activity>
134        -->
135        <!--
136        <activity
137            android:name=".AppLoginView"
138            android:configChanges="keyboardHidden|screenSize"
139            android:screenOrientation="sensorPortrait" >
140        </activity>
141        -->
142        <activity
142-->src\main\AndroidManifest.xml:130:9-134:20
143            android:name="com.globalnest.LoginActivity"
143-->src\main\AndroidManifest.xml:131:13-56
144            android:configChanges="keyboardHidden|screenSize"
144-->src\main\AndroidManifest.xml:132:13-62
145            android:screenOrientation="sensorPortrait" >
145-->src\main\AndroidManifest.xml:133:13-55
146        </activity>
147        <activity
147-->src\main\AndroidManifest.xml:135:9-140:20
148            android:name="com.globalnest.scanattendee.EventListActivity"
148-->src\main\AndroidManifest.xml:136:13-46
149            android:configChanges="keyboardHidden|screenSize"
149-->src\main\AndroidManifest.xml:137:13-62
150            android:screenOrientation="sensorPortrait"
150-->src\main\AndroidManifest.xml:138:13-55
151            android:windowSoftInputMode="stateHidden" >
151-->src\main\AndroidManifest.xml:139:13-54
152        </activity>
153        <activity
153-->src\main\AndroidManifest.xml:141:9-146:20
154            android:name="com.globalnest.scanattendee.AddEventActivity"
154-->src\main\AndroidManifest.xml:142:13-45
155            android:configChanges="orientation|keyboardHidden|screenSize"
155-->src\main\AndroidManifest.xml:143:13-74
156            android:screenOrientation="sensorPortrait"
156-->src\main\AndroidManifest.xml:144:13-55
157            android:windowSoftInputMode="stateHidden|adjustResize" >
157-->src\main\AndroidManifest.xml:145:13-67
158        </activity>
159        <activity
159-->src\main\AndroidManifest.xml:147:9-149:58
160            android:name="org.achartengine.GraphicalActivity"
160-->src\main\AndroidManifest.xml:148:13-62
161            android:screenOrientation="sensorPortrait" />
161-->src\main\AndroidManifest.xml:149:13-55
162        <activity
162-->src\main\AndroidManifest.xml:150:9-157:20
163            android:name="com.globalnest.scanattendee.DashboardActivity"
163-->src\main\AndroidManifest.xml:151:13-46
164            android:configChanges="orientation|screenSize|keyboardHidden"
164-->src\main\AndroidManifest.xml:152:13-74
165            android:screenOrientation="sensorPortrait"
165-->src\main\AndroidManifest.xml:153:13-55
166            android:windowSoftInputMode="stateHidden|adjustPan|stateAlwaysHidden" >
166-->src\main\AndroidManifest.xml:154:13-82
167        </activity>
168        <activity
168-->src\main\AndroidManifest.xml:158:9-163:20
169            android:name="com.globalnest.scanattendee.ManageTicketActivity"
169-->src\main\AndroidManifest.xml:159:13-49
170            android:configChanges="keyboardHidden|orientation|screenSize"
170-->src\main\AndroidManifest.xml:160:13-74
171            android:screenOrientation="sensorPortrait"
171-->src\main\AndroidManifest.xml:161:13-55
172            android:windowSoftInputMode="stateHidden|adjustPan" >
172-->src\main\AndroidManifest.xml:162:13-64
173        </activity>
174        <activity
174-->src\main\AndroidManifest.xml:164:9-169:20
175            android:name="com.globalnest.scanattendee.HideandUnhideTicketsActivity"
175-->src\main\AndroidManifest.xml:165:13-57
176            android:configChanges="keyboardHidden|orientation|screenSize"
176-->src\main\AndroidManifest.xml:166:13-74
177            android:screenOrientation="sensorPortrait"
177-->src\main\AndroidManifest.xml:167:13-55
178            android:windowSoftInputMode="stateHidden|adjustPan" >
178-->src\main\AndroidManifest.xml:168:13-64
179        </activity>
180        <activity
180-->src\main\AndroidManifest.xml:170:9-174:20
181            android:name="com.globalnest.scanattendee.AddTicketActivity"
181-->src\main\AndroidManifest.xml:171:13-46
182            android:configChanges="orientation|screenSize"
182-->src\main\AndroidManifest.xml:172:13-59
183            android:windowSoftInputMode="stateHidden|adjustPan" >
183-->src\main\AndroidManifest.xml:173:13-64
184        </activity>
185        <activity
185-->src\main\AndroidManifest.xml:176:9-181:20
186            android:name="com.globalnest.scanattendee.BadgeTemplateNewActivity"
186-->src\main\AndroidManifest.xml:177:13-53
187            android:configChanges="orientation|screenSize"
187-->src\main\AndroidManifest.xml:178:13-59
188            android:screenOrientation="sensorPortrait"
188-->src\main\AndroidManifest.xml:179:13-55
189            android:windowSoftInputMode="stateHidden|adjustPan" >
189-->src\main\AndroidManifest.xml:180:13-64
190        </activity>
191        <activity
191-->src\main\AndroidManifest.xml:182:9-187:20
192            android:name="com.globalnest.scanattendee.SalesTaxActivity"
192-->src\main\AndroidManifest.xml:183:13-45
193            android:configChanges="orientation|screenSize"
193-->src\main\AndroidManifest.xml:184:13-59
194            android:screenOrientation="sensorPortrait"
194-->src\main\AndroidManifest.xml:185:13-55
195            android:windowSoftInputMode="stateHidden|adjustPan" >
195-->src\main\AndroidManifest.xml:186:13-64
196        </activity>
197        <activity
197-->src\main\AndroidManifest.xml:188:9-193:20
198            android:name="com.globalnest.scanattendee.DropboxActivity"
198-->src\main\AndroidManifest.xml:189:13-44
199            android:configChanges="orientation|screenSize"
199-->src\main\AndroidManifest.xml:190:13-59
200            android:screenOrientation="sensorPortrait"
200-->src\main\AndroidManifest.xml:191:13-55
201            android:windowSoftInputMode="stateHidden|adjustPan" >
201-->src\main\AndroidManifest.xml:192:13-64
202        </activity>
203        <activity
203-->src\main\AndroidManifest.xml:194:9-199:20
204            android:name="com.globalnest.scanattendee.StripeAccountActivity"
204-->src\main\AndroidManifest.xml:195:13-50
205            android:configChanges="orientation|screenSize"
205-->src\main\AndroidManifest.xml:196:13-59
206            android:screenOrientation="sensorPortrait"
206-->src\main\AndroidManifest.xml:197:13-55
207            android:windowSoftInputMode="stateHidden|adjustPan" >
207-->src\main\AndroidManifest.xml:198:13-64
208        </activity>
209        <activity
209-->src\main\AndroidManifest.xml:200:9-205:20
210            android:name="com.globalnest.scanattendee.SAFeeActivity"
210-->src\main\AndroidManifest.xml:201:13-42
211            android:configChanges="orientation|screenSize"
211-->src\main\AndroidManifest.xml:202:13-59
212            android:screenOrientation="sensorPortrait"
212-->src\main\AndroidManifest.xml:203:13-55
213            android:windowSoftInputMode="stateHidden|adjustPan" >
213-->src\main\AndroidManifest.xml:204:13-64
214        </activity>
215        <activity
215-->src\main\AndroidManifest.xml:206:9-211:20
216            android:name="com.globalnest.scanattendee.UserProfileActivity"
216-->src\main\AndroidManifest.xml:207:13-48
217            android:configChanges="keyboardHidden|orientation|screenSize"
217-->src\main\AndroidManifest.xml:208:13-74
218            android:screenOrientation="sensorPortrait"
218-->src\main\AndroidManifest.xml:209:13-55
219            android:windowSoftInputMode="stateHidden|adjustPan" >
219-->src\main\AndroidManifest.xml:210:13-64
220        </activity>
221        <activity
221-->src\main\AndroidManifest.xml:212:9-217:20
222            android:name="com.globalnest.scanattendee.SalesOrderActivity"
222-->src\main\AndroidManifest.xml:213:13-47
223            android:configChanges="keyboardHidden|orientation|screenSize"
223-->src\main\AndroidManifest.xml:214:13-74
224            android:screenOrientation="sensorPortrait"
224-->src\main\AndroidManifest.xml:215:13-55
225            android:windowSoftInputMode="stateHidden|adjustPan" >
225-->src\main\AndroidManifest.xml:216:13-64
226        </activity>
227        <activity
227-->src\main\AndroidManifest.xml:218:9-222:20
228            android:name="com.globalnest.scanattendee.AttendeeListActivity"
228-->src\main\AndroidManifest.xml:219:13-49
229            android:configChanges="keyboardHidden|orientation|screenSize"
229-->src\main\AndroidManifest.xml:221:13-74
230            android:screenOrientation="sensorPortrait" >
230-->src\main\AndroidManifest.xml:220:13-55
231        </activity>
232        <activity
232-->src\main\AndroidManifest.xml:223:9-227:20
233            android:name="com.globalnest.scanattendee.AttendeePagerSampleActivity"
233-->src\main\AndroidManifest.xml:224:13-56
234            android:configChanges="keyboardHidden|orientation|screenSize"
234-->src\main\AndroidManifest.xml:226:13-74
235            android:screenOrientation="sensorPortrait" >
235-->src\main\AndroidManifest.xml:225:13-55
236        </activity>
237        <activity
237-->src\main\AndroidManifest.xml:228:9-233:20
238            android:name="com.globalnest.scanattendee.AttendeeExpandableActivity"
238-->src\main\AndroidManifest.xml:229:13-55
239            android:configChanges="keyboardHidden|orientation|screenSize"
239-->src\main\AndroidManifest.xml:231:13-74
240            android:screenOrientation="sensorPortrait"
240-->src\main\AndroidManifest.xml:230:13-55
241            android:windowSoftInputMode="adjustResize" >
241-->src\main\AndroidManifest.xml:232:13-55
242        </activity>
243        <activity
243-->src\main\AndroidManifest.xml:234:7-238:20
244            android:name="com.globalnest.scanattendee.DashboardAttendeesList"
244-->src\main\AndroidManifest.xml:235:13-51
245            android:configChanges="keyboardHidden|orientation|screenSize"
245-->src\main\AndroidManifest.xml:237:13-74
246            android:screenOrientation="sensorPortrait" >
246-->src\main\AndroidManifest.xml:236:13-55
247        </activity>
248        <activity
248-->src\main\AndroidManifest.xml:239:9-244:20
249            android:name="com.globalnest.scanattendee.SelfCheckinAttendeeList"
249-->src\main\AndroidManifest.xml:240:13-52
250            android:configChanges="keyboardHidden|orientation|screenSize"
250-->src\main\AndroidManifest.xml:241:13-74
251            android:windowSoftInputMode="adjustPan" >
251-->src\main\AndroidManifest.xml:242:13-52
252        </activity>
253        <activity
253-->src\main\AndroidManifest.xml:245:9-249:20
254            android:name="com.globalnest.scanattendee.RefundHistoryActivity"
254-->src\main\AndroidManifest.xml:246:13-50
255            android:configChanges="keyboardHidden|screenSize"
255-->src\main\AndroidManifest.xml:247:13-62
256            android:windowSoftInputMode="adjustPan|stateHidden" >
256-->src\main\AndroidManifest.xml:248:13-64
257        </activity>
258        <activity
258-->src\main\AndroidManifest.xml:250:9-255:20
259            android:name="com.globalnest.scanattendee.AttendeeDetailActivity"
259-->src\main\AndroidManifest.xml:251:13-51
260            android:configChanges="keyboardHidden|screenSize"
260-->src\main\AndroidManifest.xml:252:13-62
261            android:screenOrientation="sensorPortrait"
261-->src\main\AndroidManifest.xml:253:13-55
262            android:windowSoftInputMode="stateHidden|adjustPan" >
262-->src\main\AndroidManifest.xml:254:13-64
263        </activity>
264        <activity
264-->src\main\AndroidManifest.xml:256:9-260:20
265            android:name="com.globalnest.scanattendee.SelfCheckinAttendeeDetailActivity"
265-->src\main\AndroidManifest.xml:257:13-62
266            android:configChanges="keyboardHidden|screenSize"
266-->src\main\AndroidManifest.xml:258:13-62
267            android:windowSoftInputMode="stateHidden|adjustResize" >
267-->src\main\AndroidManifest.xml:259:13-67
268        </activity>
269        <activity
269-->src\main\AndroidManifest.xml:261:9-266:20
270            android:name="com.globalnest.scanattendee.BarCodeScanActivity"
270-->src\main\AndroidManifest.xml:262:13-48
271            android:configChanges="keyboardHidden|screenSize|orientation"
271-->src\main\AndroidManifest.xml:263:13-74
272            android:screenOrientation="sensorPortrait"
272-->src\main\AndroidManifest.xml:264:13-55
273            android:windowSoftInputMode="stateHidden|adjustPan" >
273-->src\main\AndroidManifest.xml:265:13-64
274        </activity>
275        <!--
276        <activity
277            android:name=".OrderSummaryActivity"
278            android:configChanges="keyboardHidden|screenSize"
279            android:screenOrientation="sensorPortrait"
280            android:windowSoftInputMode="stateHidden|adjustPan" >
281        </activity>
282        -->
283        <activity
283-->src\main\AndroidManifest.xml:273:9-278:20
284            android:name="com.globalnest.scanattendee.ExternalSettingsActivity"
284-->src\main\AndroidManifest.xml:274:13-53
285            android:configChanges="keyboardHidden|screenSize"
285-->src\main\AndroidManifest.xml:275:13-62
286            android:screenOrientation="sensorPortrait"
286-->src\main\AndroidManifest.xml:276:13-55
287            android:windowSoftInputMode="stateHidden|adjustPan" >
287-->src\main\AndroidManifest.xml:277:13-64
288        </activity>
289        <activity
289-->src\main\AndroidManifest.xml:279:9-287:20
290            android:name="com.globalnest.scanattendee.ImportCSVActivity"
290-->src\main\AndroidManifest.xml:280:13-46
291            android:parentActivityName="com.globalnest.scanattendee.AttendeeListActivity"
291-->src\main\AndroidManifest.xml:281:13-63
292            android:screenOrientation="sensorPortrait"
292-->src\main\AndroidManifest.xml:282:13-55
293            android:windowSoftInputMode="stateAlwaysHidden" >
293-->src\main\AndroidManifest.xml:283:13-60
294            <meta-data
294-->src\main\AndroidManifest.xml:284:13-286:57
295                android:name="android.support.PARENT_ACTIVITY"
295-->src\main\AndroidManifest.xml:285:17-63
296                android:value=".AttendeeListActivity" />
296-->src\main\AndroidManifest.xml:286:17-54
297        </activity>
298        <activity
298-->src\main\AndroidManifest.xml:288:9-293:20
299            android:name="com.globalnest.scanattendee.CollectOrderInfo"
299-->src\main\AndroidManifest.xml:289:13-45
300            android:configChanges="keyboardHidden|screenSize"
300-->src\main\AndroidManifest.xml:290:13-62
301            android:screenOrientation="sensorPortrait"
301-->src\main\AndroidManifest.xml:291:13-55
302            android:windowSoftInputMode="stateHidden|adjustResize|adjustPan" >
302-->src\main\AndroidManifest.xml:292:13-77
303        </activity>
304        <activity
304-->src\main\AndroidManifest.xml:294:9-300:20
305            android:name="com.globalnest.scanattendee.CollectOrderInfok"
305-->src\main\AndroidManifest.xml:295:13-46
306            android:configChanges="keyboardHidden|screenSize"
306-->src\main\AndroidManifest.xml:296:13-62
307            android:screenOrientation="sensorPortrait"
307-->src\main\AndroidManifest.xml:297:13-55
308            android:windowSoftInputMode="adjustResize" >
308-->src\main\AndroidManifest.xml:298:13-55
309        </activity>
310        <activity
310-->src\main\AndroidManifest.xml:301:9-310:20
311            android:name="com.globalnest.scanattendee.SampleCSVActivity"
311-->src\main\AndroidManifest.xml:302:13-46
312            android:configChanges="orientation|keyboard"
312-->src\main\AndroidManifest.xml:303:13-57
313            android:parentActivityName="com.globalnest.scanattendee.AttendeeListActivity"
313-->src\main\AndroidManifest.xml:304:13-63
314            android:screenOrientation="sensorPortrait"
314-->src\main\AndroidManifest.xml:305:13-55
315            android:windowSoftInputMode="stateAlwaysHidden" >
315-->src\main\AndroidManifest.xml:306:13-60
316            <meta-data
316-->src\main\AndroidManifest.xml:284:13-286:57
317                android:name="android.support.PARENT_ACTIVITY"
317-->src\main\AndroidManifest.xml:285:17-63
318                android:value=".AttendeeListActivity" />
318-->src\main\AndroidManifest.xml:286:17-54
319        </activity>
320        <activity
320-->src\main\AndroidManifest.xml:311:9-315:70
321            android:name="io.card.payment.CardIOActivity"
321-->src\main\AndroidManifest.xml:312:13-58
322            android:configChanges="keyboardHidden|orientation"
322-->src\main\AndroidManifest.xml:313:13-63
323            android:screenOrientation="sensorPortrait"
323-->src\main\AndroidManifest.xml:314:13-55
324            android:windowSoftInputMode="stateHidden|adjustResize" />
324-->src\main\AndroidManifest.xml:315:13-67
325
326        <!--
327            <activity
328            android:name="com.SocketMobile.ScanAPI.SoftScanActivity"
329            android:configChanges="keyboardHidden|orientation"
330            android:screenOrientation="sensorPortrait"
331            android:theme="@android:style/Theme.NoTitleBar" />
332        -->
333        <activity
333-->src\main\AndroidManifest.xml:322:9-324:52
334            android:name="io.card.payment.DataEntryActivity"
334-->src\main\AndroidManifest.xml:323:13-61
335            android:screenOrientation="portrait" />
335-->src\main\AndroidManifest.xml:324:13-49
336        <!-- <activity android:name="com.getcardflight.activities.ManualEntryActivity" /> -->
337        <!--
338        <activity
339            android:name="com.dropbox.client2.android.AuthActivity"
340            android:configChanges="orientation|keyboard"
341            android:launchMode="singleTask" >
342            <intent-filter>
343
344                &lt;!&ndash; Change this to be db- followed by your app key &ndash;&gt;
345                <data android:scheme="db-g131nz3n5k0imd1" />
346
347                <action android:name="android.intent.action.VIEW" />
348
349                <category android:name="android.intent.category.BROWSABLE" />
350                <category android:name="android.intent.category.DEFAULT" />
351            </intent-filter>
352        </activity>
353        -->
354        <activity
354-->src\main\AndroidManifest.xml:341:9-346:20
355            android:name="com.globalnest.scanattendee.TicketCartActivity"
355-->src\main\AndroidManifest.xml:342:13-47
356            android:label="@string/title_activity_ticket_cart"
356-->src\main\AndroidManifest.xml:343:13-63
357            android:screenOrientation="sensorPortrait"
357-->src\main\AndroidManifest.xml:344:13-55
358            android:windowSoftInputMode="adjustPan|stateHidden" >
358-->src\main\AndroidManifest.xml:345:13-64
359        </activity>
360        <!--
361        <activity
362            android:name=".MainActivity"
363            android:screenOrientation="portrait" >
364        </activity>
365        -->
366        <activity
366-->src\main\AndroidManifest.xml:351:9-354:20
367            android:name="com.globalnest.scanattendee.ScannerPairActivity"
367-->src\main\AndroidManifest.xml:352:13-48
368            android:screenOrientation="portrait" >
368-->src\main\AndroidManifest.xml:353:13-49
369        </activity>
370        <activity
370-->src\main\AndroidManifest.xml:355:9-359:20